[debug] [2023-04-14T02:47:22.253Z] ----------------------------------------------------------------------
[debug] [2023-04-14T02:47:22.255Z] Command:       C:\Program Files\nodejs\node.exe C:\Users\georg\AppData\Roaming\npm\node_modules\firebase-tools\lib\bin\firebase.js init
[debug] [2023-04-14T02:47:22.255Z] CLI Version:   11.26.0
[debug] [2023-04-14T02:47:22.255Z] Platform:      win32
[debug] [2023-04-14T02:47:22.255Z] Node Version:  v18.13.0
[debug] [2023-04-14T02:47:22.256Z] Time:          Thu Apr 13 2023 21:47:22 GMT-0500 (Central Daylight Time)
[debug] [2023-04-14T02:47:22.256Z] ----------------------------------------------------------------------
[debug] 
[debug] [2023-04-14T02:47:22.311Z] > command requires scopes: ["email","openid","https://www.googleapis.com/auth/cloudplatformprojects.readonly","https://www.googleapis.com/auth/firebase","https://www.googleapis.com/auth/cloud-platform"]
[debug] [2023-04-14T02:47:22.311Z] > authorizing via signed-in user (duramaxer228@gmail.com)
[info] 
     ######## #### ########  ######## ########     ###     ######  ########
     ##        ##  ##     ## ##       ##     ##  ##   ##  ##       ##
     ######    ##  ########  ######   ########  #########  ######  ######
     ##        ##  ##    ##  ##       ##     ## ##     ##       ## ##
     ##       #### ##     ## ######## ########  ##     ##  ######  ########

You're about to initialize a Firebase project in this directory:

  C:\Users\georg\Documents\Javascript\farm-report-next

Before we get started, keep in mind:

  * You are initializing within an existing Firebase project directory

